{"timestamp":"2026-04-01T14:36:02.685733123Z","operation":{"add":{"session":"key1","hash":"3c9683017f9e4bf33d0fbedd26bf143fd72de9b9dd145441b75f0604047ea28e","layer":"segment"}},"payload":"6:E2821976","checksum":"8338cc98c651710a2f6e80626ec4eb55672f1e2e2e982cb44bcd642fae8d5bda"}
{"timestamp":"2026-04-01T14:36:02.685883444Z","operation":{"add":{"session":"key2","hash":"0537d481f73a757334328052da3af9626ced97028e20b849f6115c22cd765197","layer":"segment"}},"payload":"6:F1D2EA82","checksum":"eaa27d57d1d0bcf57caa3651ba754facdc66ab2dddd0fdd3262d9e52af0bdbbd"}
{"timestamp":"2026-04-01T14:37:59.599933503Z","operation":{"add":{"session":"key1","hash":"3c9683017f9e4bf33d0fbedd26bf143fd72de9b9dd145441b75f0604047ea28e","layer":"segment"}},"payload":"6:E2821976","checksum":"4718f1b23d17a99e53b72377ffd96e627392263a29fc88e76f3d94a46777f6cb"}
{"timestamp":"2026-04-01T14:37:59.600114311Z","operation":{"add":{"session":"key2","hash":"0537d481f73a757334328052da3af9626ced97028e20b849f6115c22cd765197","layer":"segment"}},"payload":"6:F1D2EA82","checksum":"ddb8cf4c8bdcd003c1baccb8ac2602f4b82e0dab0ca841447bdff289e39104c9"}
{"timestamp":"2026-04-01T14:38:20.062820593Z","operation":{"add":{"session":"key1","hash":"3c9683017f9e4bf33d0fbedd26bf143fd72de9b9dd145441b75f0604047ea28e","layer":"segment"}},"payload":"6:E2821976","checksum":"5b527214d9f7b67d8e077bf06745a5010df993560ce77f309565f88695799a82"}
{"timestamp":"2026-04-01T14:38:20.062959612Z","operation":{"add":{"session":"key2","hash":"0537d481f73a757334328052da3af9626ced97028e20b849f6115c22cd765197","layer":"segment"}},"payload":"6:F1D2EA82","checksum":"c0fea47353e760cb6baf643600eb366e81168e53af3bd2af5e0f033ac769971a"}
{"timestamp":"2026-04-01T14:38:39.426782628Z","operation":{"add":{"session":"key1","hash":"3c9683017f9e4bf33d0fbedd26bf143fd72de9b9dd145441b75f0604047ea28e","layer":"segment"}},"payload":"6:E2821976","checksum":"335e1ec0eff8f48f9125359108a90dbd0b03849d5e4d02ca3987df9b902bb3d9"}
{"timestamp":"2026-04-01T14:38:39.426933179Z","operation":{"add":{"session":"key2","hash":"0537d481f73a757334328052da3af9626ced97028e20b849f6115c22cd765197","layer":"segment"}},"payload":"6:F1D2EA82","checksum":"f8361e705803a83bad60a607f363b2bdd352605dfeb211fd5866c3697914e0b4"}
{"timestamp":"2026-04-01T14:38:47.944599149Z","operation":{"add":{"session":"key1","hash":"3c9683017f9e4bf33d0fbedd26bf143fd72de9b9dd145441b75f0604047ea28e","layer":"segment"}},"payload":"6:E2821976","checksum":"4a1773f3173456fb8df6c4541a2f3e85c2bff6c9a612c88ea13d73a11a958be1"}
{"timestamp":"2026-04-01T14:38:47.944739561Z","operation":{"add":{"session":"key2","hash":"0537d481f73a757334328052da3af9626ced97028e20b849f6115c22cd765197","layer":"segment"}},"payload":"6:F1D2EA82","checksum":"e5f9ceb4af30adae71e0d16f76897d550306a7bafe2e336aa005b34f2b7dbb8a"}
{"timestamp":"2026-04-01T14:49:37.877545674Z","operation":{"add":{"session":"key1","hash":"3c9683017f9e4bf33d0fbedd26bf143fd72de9b9dd145441b75f0604047ea28e","layer":"segment"}},"payload":"6:E2821976","checksum":"bfdaa73cd2589a96fc8aee450654e89a883fe24e0e1b81debeac533f9627a529"}
{"timestamp":"2026-04-01T14:49:37.877681739Z","operation":{"add":{"session":"key2","hash":"0537d481f73a757334328052da3af9626ced97028e20b849f6115c22cd765197","layer":"segment"}},"payload":"6:F1D2EA82","checksum":"0ed16299d8a0982c08c40d31d7fd50490569a0879401d8b98ba4c0958119f3f6"}
{"timestamp":"2026-04-01T14:51:04.844875247Z","operation":{"add":{"session":"key1","hash":"3c9683017f9e4bf33d0fbedd26bf143fd72de9b9dd145441b75f0604047ea28e","layer":"segment"}},"payload":"6:E2821976","checksum":"6849301acdc86887737903e4ca53aa8236162ef61df0e82d57bdb8f6a2c07e90"}
{"timestamp":"2026-04-01T14:51:04.845051867Z","operation":{"add":{"session":"key2","hash":"0537d481f73a757334328052da3af9626ced97028e20b849f6115c22cd765197","layer":"segment"}},"payload":"6:F1D2EA82","checksum":"24dfcf7921ede0073ed6e015d6b8e6427e31fd58c25692f7c4411b5b451df6f9"}
{"timestamp":"2026-04-01T14:51:47.721595041Z","operation":{"add":{"session":"key1","hash":"3c9683017f9e4bf33d0fbedd26bf143fd72de9b9dd145441b75f0604047ea28e","layer":"segment"}},"payload":"6:E2821976","checksum":"49ec107a7b6cc01e51243fe6233e68a6caa37ed58f72e251542a21a42fdb76e7"}
{"timestamp":"2026-04-01T14:51:47.721727648Z","operation":{"add":{"session":"key2","hash":"0537d481f73a757334328052da3af9626ced97028e20b849f6115c22cd765197","layer":"segment"}},"payload":"6:F1D2EA82","checksum":"acb0f04f3373b671c0c846fe12bad169609409117061dfb8f36ae1b71a52cc02"}
{"timestamp":"2026-04-01T14:52:15.951657783Z","operation":{"add":{"session":"key1","hash":"3c9683017f9e4bf33d0fbedd26bf143fd72de9b9dd145441b75f0604047ea28e","layer":"segment"}},"payload":"6:E2821976","checksum":"6c75b3ea61f58a047ca45f0beb9a45f933d92b6e51042a907bb863a17aa908c5"}
{"timestamp":"2026-04-01T14:52:15.951738714Z","operation":{"add":{"session":"key2","hash":"0537d481f73a757334328052da3af9626ced97028e20b849f6115c22cd765197","layer":"segment"}},"payload":"6:F1D2EA82","checksum":"d198321f471928298ea35d081a5a29348e6949ca493e5e241a271f0fa6c976e1"}
{"timestamp":"2026-04-01T14:53:44.631859626Z","operation":{"add":{"session":"key1","hash":"3c9683017f9e4bf33d0fbedd26bf143fd72de9b9dd145441b75f0604047ea28e","layer":"segment"}},"payload":"6:E2821976","checksum":"0d7bf5c3ddf914fe97d9401b0070ff83cfb1256929a34d31537a09ee9e9040c6"}
{"timestamp":"2026-04-01T14:53:44.631999607Z","operation":{"add":{"session":"key2","hash":"0537d481f73a757334328052da3af9626ced97028e20b849f6115c22cd765197","layer":"segment"}},"payload":"6:F1D2EA82","checksum":"6b9b44034a3e7bf38145b1aa6eb407e213547dd6b814aee3f204f50f15ef583e"}
{"timestamp":"2026-04-01T14:54:14.683272488Z","operation":{"add":{"session":"key1","hash":"3c9683017f9e4bf33d0fbedd26bf143fd72de9b9dd145441b75f0604047ea28e","layer":"segment"}},"payload":"6:E2821976","checksum":"7bd240182dcf142c5dcbd53c301d2168cacd625284018e4451972cedfbb9de79"}
{"timestamp":"2026-04-01T14:54:14.683359610Z","operation":{"add":{"session":"key2","hash":"0537d481f73a757334328052da3af9626ced97028e20b849f6115c22cd765197","layer":"segment"}},"payload":"6:F1D2EA82","checksum":"3e2cd73271f3ec7e033be79bc3868f0ebc3d32630f8e219a29ba26a6c51bf0a2"}
{"timestamp":"2026-04-01T15:01:22.757934641Z","operation":{"add":{"session":"key1","hash":"3c9683017f9e4bf33d0fbedd26bf143fd72de9b9dd145441b75f0604047ea28e","layer":"segment"}},"payload":"6:E2821976","checksum":"58037b4c868620020f40ddff783c1bbd9338b5c0e378a89941496a687256df08"}
{"timestamp":"2026-04-01T15:01:22.757981779Z","operation":{"add":{"session":"key2","hash":"0537d481f73a757334328052da3af9626ced97028e20b849f6115c22cd765197","layer":"segment"}},"payload":"6:F1D2EA82","checksum":"e9669e4382470b259cd37c937c0baf7e9cb4af4275873daa856cae68d6c2ce2d"}
{"timestamp":"2026-04-01T15:03:27.707219120Z","operation":{"add":{"session":"key1","hash":"3c9683017f9e4bf33d0fbedd26bf143fd72de9b9dd145441b75f0604047ea28e","layer":"segment"}},"payload":"6:E2821976","checksum":"be1025d91e72d67fb618dfa348acac21b28dbaa7b20661a0125a070d7574138b"}
{"timestamp":"2026-04-01T15:03:27.707345926Z","operation":{"add":{"session":"key2","hash":"0537d481f73a757334328052da3af9626ced97028e20b849f6115c22cd765197","layer":"segment"}},"payload":"6:F1D2EA82","checksum":"08d825dda40aaa1fb21835b2c130a4f18fffb0e6eaeb77d2c6a2dfcb6bb7503e"}
{"timestamp":"2026-04-01T15:10:42.093497529Z","operation":{"add":{"session":"key1","hash":"3c9683017f9e4bf33d0fbedd26bf143fd72de9b9dd145441b75f0604047ea28e","layer":"segment"}},"payload":"6:E2821976","checksum":"aac4177f3a255855b644640da83b892bf70bb2e1e9e7b42f6c5e0bfc130213f0"}
{"timestamp":"2026-04-01T15:10:42.093613846Z","operation":{"add":{"session":"key2","hash":"0537d481f73a757334328052da3af9626ced97028e20b849f6115c22cd765197","layer":"segment"}},"payload":"6:F1D2EA82","checksum":"4e75f75f92fa1a014725d723839623564c3c8a8358974a505ea157c2db8ac8e4"}
{"timestamp":"2026-04-01T15:10:48.895687208Z","operation":{"add":{"session":"key1","hash":"3c9683017f9e4bf33d0fbedd26bf143fd72de9b9dd145441b75f0604047ea28e","layer":"segment"}},"payload":"6:E2821976","checksum":"2fc0ed4c605b453623304cb8b8a1a2fd756c6a049f6936410b452bb94b3002e8"}
{"timestamp":"2026-04-01T15:10:48.895745416Z","operation":{"add":{"session":"key2","hash":"0537d481f73a757334328052da3af9626ced97028e20b849f6115c22cd765197","layer":"segment"}},"payload":"6:F1D2EA82","checksum":"f97d6839c10605262d31c731bd67ae75179210fa5f245aa2f66a3629cface6bb"}
{"timestamp":"2026-04-01T15:23:04.592410151Z","operation":{"add":{"session":"key1","hash":"3c9683017f9e4bf33d0fbedd26bf143fd72de9b9dd145441b75f0604047ea28e","layer":"segment"}},"payload":"6:E2821976","checksum":"1a2b1d50198dde49191f90ace6c704bd3764bf4dd8066ca47e13d73b7244f659"}
{"timestamp":"2026-04-01T15:23:04.592544722Z","operation":{"add":{"session":"key2","hash":"0537d481f73a757334328052da3af9626ced97028e20b849f6115c22cd765197","layer":"segment"}},"payload":"6:F1D2EA82","checksum":"dc8ccfde1ae5d4579450bf06e53553bdaab48505003b9dd12c0134b94ca1e57f"}
{"timestamp":"2026-04-01T15:23:25.147313067Z","operation":{"add":{"session":"key1","hash":"3c9683017f9e4bf33d0fbedd26bf143fd72de9b9dd145441b75f0604047ea28e","layer":"segment"}},"payload":"6:E2821976","checksum":"9fa8205074c49721df2f1a28b9dd0a0e91d16659103b080d11feb853dcac9a53"}
{"timestamp":"2026-04-01T15:23:25.147368140Z","operation":{"add":{"session":"key2","hash":"0537d481f73a757334328052da3af9626ced97028e20b849f6115c22cd765197","layer":"segment"}},"payload":"6:F1D2EA82","checksum":"07851a3cd2a49ad0b01683d38b06fa7b92078b29aae3ef1156635218de31a1df"}
{"timestamp":"2026-04-01T15:25:39.085200434Z","operation":{"add":{"session":"key1","hash":"3c9683017f9e4bf33d0fbedd26bf143fd72de9b9dd145441b75f0604047ea28e","layer":"segment"}},"payload":"6:E2821976","checksum":"6146d3affaca7c5be1e9cd3385a4b7cc2490ebd3fc530523d3574497707912fa"}
{"timestamp":"2026-04-01T15:25:39.085259394Z","operation":{"add":{"session":"key2","hash":"0537d481f73a757334328052da3af9626ced97028e20b849f6115c22cd765197","layer":"segment"}},"payload":"6:F1D2EA82","checksum":"8c8cab2bf54cddb1386619ed9a69164cb4761b76d89644d1668f9ae33da59d33"}
{"timestamp":"2026-04-01T15:26:30.310253375Z","operation":{"add":{"session":"key1","hash":"3c9683017f9e4bf33d0fbedd26bf143fd72de9b9dd145441b75f0604047ea28e","layer":"segment"}},"payload":"6:E2821976","checksum":"6663dad9959ed7054f19861c929f70fbe047ccea776de6e5e15e3fea514f6045"}
{"timestamp":"2026-04-01T15:26:30.310296415Z","operation":{"add":{"session":"key2","hash":"0537d481f73a757334328052da3af9626ced97028e20b849f6115c22cd765197","layer":"segment"}},"payload":"6:F1D2EA82","checksum":"cd3cf1e51d8400933e75fc016d792f1cca46c6611826e2314ced5a8ab199c53f"}
{"timestamp":"2026-04-01T15:33:08.292263710Z","operation":{"add":{"session":"key1","hash":"3c9683017f9e4bf33d0fbedd26bf143fd72de9b9dd145441b75f0604047ea28e","layer":"segment"}},"payload":"6:E2821976","checksum":"de41c0c8e7b2f97e1942d3f0a40ba65a621fb9ba7c8ecc4e20f1c3243c6174d9"}
{"timestamp":"2026-04-01T15:33:08.292430140Z","operation":{"add":{"session":"key2","hash":"0537d481f73a757334328052da3af9626ced97028e20b849f6115c22cd765197","layer":"segment"}},"payload":"6:F1D2EA82","checksum":"16898c5d0a4c33ba76489fb6ca05caf8cf9781d450c59e5100a283cbece27f99"}
{"timestamp":"2026-04-01T15:33:12.088834751Z","operation":{"add":{"session":"key1","hash":"3c9683017f9e4bf33d0fbedd26bf143fd72de9b9dd145441b75f0604047ea28e","layer":"segment"}},"payload":"6:E2821976","checksum":"8846d06072346aabdf5554ab170984df4380133dd4cc6bdbd8a4056bb9ab0998"}
{"timestamp":"2026-04-01T15:33:12.088877601Z","operation":{"add":{"session":"key2","hash":"0537d481f73a757334328052da3af9626ced97028e20b849f6115c22cd765197","layer":"segment"}},"payload":"6:F1D2EA82","checksum":"827804bde793a7e953de6f96abd5b38b863f085d89df21f7ce749a9159b7a192"}
{"timestamp":"2026-04-01T15:35:58.174080331Z","operation":{"add":{"session":"key1","hash":"3c9683017f9e4bf33d0fbedd26bf143fd72de9b9dd145441b75f0604047ea28e","layer":"segment"}},"payload":"6:E2821976","checksum":"25c9a39f291b16d18ae80448ec1f7d5b80addbd4a397952be04e0a17e98c700e"}
{"timestamp":"2026-04-01T15:35:58.174130565Z","operation":{"add":{"session":"key2","hash":"0537d481f73a757334328052da3af9626ced97028e20b849f6115c22cd765197","layer":"segment"}},"payload":"6:F1D2EA82","checksum":"fcc75c0239a11cc832fcd666e9cb085477b7f9c11a4fb77b4ede524ef447ad86"}
{"timestamp":"2026-04-01T15:36:09.100274647Z","operation":{"add":{"session":"key1","hash":"3c9683017f9e4bf33d0fbedd26bf143fd72de9b9dd145441b75f0604047ea28e","layer":"segment"}},"payload":"6:E2821976","checksum":"81a1baa12ddb65e095f85f7f3669ef6b507e0b3e2a62b7f88227ce6fa7c0cb63"}
{"timestamp":"2026-04-01T15:36:09.100407796Z","operation":{"add":{"session":"key2","hash":"0537d481f73a757334328052da3af9626ced97028e20b849f6115c22cd765197","layer":"segment"}},"payload":"6:F1D2EA82","checksum":"153e3dc0ab54e2f14b97d21ef9411536f61466b33185f79070d6dd1255448314"}
{"timestamp":"2026-04-01T15:54:28.963280653Z","operation":{"add":{"session":"key1","hash":"3c9683017f9e4bf33d0fbedd26bf143fd72de9b9dd145441b75f0604047ea28e","layer":"segment"}},"payload":"6:E2821976","checksum":"d01da227e91d118e21bdfc2a6be67bead26a16717ef30d718315ee4e671b299f"}
{"timestamp":"2026-04-01T15:54:28.963326478Z","operation":{"add":{"session":"key2","hash":"0537d481f73a757334328052da3af9626ced97028e20b849f6115c22cd765197","layer":"segment"}},"payload":"6:F1D2EA82","checksum":"944f6272cb7b078126b2d20b70286390b2111a88bb4204f61e18d8541c59ce7d"}
{"timestamp":"2026-04-01T16:04:48.535433525Z","operation":{"add":{"session":"key1","hash":"3c9683017f9e4bf33d0fbedd26bf143fd72de9b9dd145441b75f0604047ea28e","layer":"segment"}},"payload":"6:E2821976","checksum":"79737607ac783a7bf5997980dc4f2510bc68f744a639354f1daa70b525a2aee6"}
{"timestamp":"2026-04-01T16:04:48.535504047Z","operation":{"add":{"session":"key2","hash":"0537d481f73a757334328052da3af9626ced97028e20b849f6115c22cd765197","layer":"segment"}},"payload":"6:F1D2EA82","checksum":"8b16ed867efa8e59ff3308f0e23d925076733f9e5644e8138075acc87f2712ca"}
{"timestamp":"2026-04-01T16:13:11.166421646Z","operation":{"add":{"session":"key1","hash":"3c9683017f9e4bf33d0fbedd26bf143fd72de9b9dd145441b75f0604047ea28e","layer":"segment"}},"payload":"6:E2821976","checksum":"bc02a068e1f18d2b361f73c28219f3970d357112201b559bc83a48cec8fb27c8"}
{"timestamp":"2026-04-01T16:13:11.166514189Z","operation":{"add":{"session":"key2","hash":"0537d481f73a757334328052da3af9626ced97028e20b849f6115c22cd765197","layer":"segment"}},"payload":"6:F1D2EA82","checksum":"76b99222b6c752fab2637ca324ba95c26618be87f683bfb3ce764e8d88f2d220"}
{"timestamp":"2026-04-01T16:21:28.654022428Z","operation":{"add":{"session":"key1","hash":"3c9683017f9e4bf33d0fbedd26bf143fd72de9b9dd145441b75f0604047ea28e","layer":"segment"}},"payload":"6:E2821976","checksum":"b2d73f29d72aa2a31e2387db2866ba268d6c34c9a47c8d5ed78b97ff023b9766"}
{"timestamp":"2026-04-01T16:21:28.654081649Z","operation":{"add":{"session":"key2","hash":"0537d481f73a757334328052da3af9626ced97028e20b849f6115c22cd765197","layer":"segment"}},"payload":"6:F1D2EA82","checksum":"1ec461584247b945107df1129acf76fcedbf6f4c15d490e36eeaadfc6a98c550"}
{"timestamp":"2026-04-02T10:33:28.328800177Z","operation":{"add":{"session":"key1","hash":"3c9683017f9e4bf33d0fbedd26bf143fd72de9b9dd145441b75f0604047ea28e","layer":"segment"}},"payload":"6:E2821976","checksum":"f3de51b640d153e0c485b8cc6ecb957143ee3eeda1a762983c44f69564ba1f8f"}
{"timestamp":"2026-04-02T10:33:28.328862433Z","operation":{"add":{"session":"key2","hash":"0537d481f73a757334328052da3af9626ced97028e20b849f6115c22cd765197","layer":"segment"}},"payload":"6:F1D2EA82","checksum":"e399392bc37b24b005506f26638042b70150ac99a7e22044568b4d196877c74e"}
{"timestamp":"2026-04-02T10:35:40.423558165Z","operation":{"add":{"session":"key1","hash":"3c9683017f9e4bf33d0fbedd26bf143fd72de9b9dd145441b75f0604047ea28e","layer":"segment"}},"payload":"6:E2821976","checksum":"ed74eaf568f6e7545df3392c0c7fc4e499c2bd4615e1d6018727415d441304fb"}
{"timestamp":"2026-04-02T10:35:40.423657380Z","operation":{"add":{"session":"key2","hash":"0537d481f73a757334328052da3af9626ced97028e20b849f6115c22cd765197","layer":"segment"}},"payload":"6:F1D2EA82","checksum":"ac84dccb3910bd9a4c932ffb6eeea6b2a781a178a0d5852d1cca593222caeb76"}
{"timestamp":"2026-04-02T10:36:06.241666447Z","operation":{"add":{"session":"key1","hash":"3c9683017f9e4bf33d0fbedd26bf143fd72de9b9dd145441b75f0604047ea28e","layer":"segment"}},"payload":"6:E2821976","checksum":"f7fc036716a53992077c3f7e416df62deda2d1b036847c75a2cc3221cdfca016"}
{"timestamp":"2026-04-02T10:36:06.241735316Z","operation":{"add":{"session":"key2","hash":"0537d481f73a757334328052da3af9626ced97028e20b849f6115c22cd765197","layer":"segment"}},"payload":"6:F1D2EA82","checksum":"292bede209d7db5f174e767be3d31ca73708029da000d322500bd37e742b9834"}
{"timestamp":"2026-04-02T10:38:10.328313253Z","operation":{"add":{"session":"key1","hash":"3c9683017f9e4bf33d0fbedd26bf143fd72de9b9dd145441b75f0604047ea28e","layer":"segment"}},"payload":"6:E2821976","checksum":"bb7a70891e77072da9594bc91013c5dc6a1702e023bb421892ec0780d42ef068"}
{"timestamp":"2026-04-02T10:38:10.328385408Z","operation":{"add":{"session":"key2","hash":"0537d481f73a757334328052da3af9626ced97028e20b849f6115c22cd765197","layer":"segment"}},"payload":"6:F1D2EA82","checksum":"6ab57f0afd6c9d4c12a74a492e3fc1b514b61f88933d244e60b7c3bf4f2d03f2"}
{"timestamp":"2026-04-02T10:38:33.377738016Z","operation":{"add":{"session":"key1","hash":"3c9683017f9e4bf33d0fbedd26bf143fd72de9b9dd145441b75f0604047ea28e","layer":"segment"}},"payload":"6:E2821976","checksum":"c618a2a0b9e917d4ccff941c5cf254c56265eaf5447139dfbdb31578dd9ab491"}
{"timestamp":"2026-04-02T10:38:33.377851016Z","operation":{"add":{"session":"key2","hash":"0537d481f73a757334328052da3af9626ced97028e20b849f6115c22cd765197","layer":"segment"}},"payload":"6:F1D2EA82","checksum":"ef7aa6f84eae72061da2210603faf1a88ba5538a26fbdb779a4d2a46dc3155e7"}
{"timestamp":"2026-04-02T10:44:04.654749878Z","operation":{"add":{"session":"key1","hash":"3c9683017f9e4bf33d0fbedd26bf143fd72de9b9dd145441b75f0604047ea28e","layer":"segment"}},"payload":"6:E2821976","checksum":"76d3ff28e3559902964e3a4ac222905b44ec3e25160f241b3d774ecf59cc22ac"}
{"timestamp":"2026-04-02T10:44:04.654819528Z","operation":{"add":{"session":"key2","hash":"0537d481f73a757334328052da3af9626ced97028e20b849f6115c22cd765197","layer":"segment"}},"payload":"6:F1D2EA82","checksum":"7abcd76985912cd0142e649d1eb915407b974b3d3bb0bcd653f3ff405998ad65"}
{"timestamp":"2026-04-02T11:09:10.313029949Z","operation":{"add":{"session":"key1","hash":"00000000E2821976","layer":"segment"}},"payload":"6:00000000E2821976","checksum":"7cc2001c47085b645b1d64f7e83cdb6c7071210f5b0b338af05dec3a5e36013b"}
{"timestamp":"2026-04-02T11:09:10.313136098Z","operation":{"add":{"session":"key2","hash":"00000000F1D2EA82","layer":"segment"}},"payload":"6:00000000F1D2EA82","checksum":"658f517ef10908e79e27b93883a661bf8bae3059ca7c6e34ea239edc2a042061"}
{"timestamp":"2026-04-02T11:09:15.774942289Z","operation":{"add":{"session":"key1","hash":"00000000E2821976","layer":"segment"}},"payload":"6:00000000E2821976","checksum":"e77f6d91de072ab2eb06c7037decde20e7cbc6b0286a5ac031327c7823e5a2a0"}
{"timestamp":"2026-04-02T11:09:15.775004014Z","operation":{"add":{"session":"key2","hash":"00000000F1D2EA82","layer":"segment"}},"payload":"6:00000000F1D2EA82","checksum":"5f25d0750a6e137aef4d1fd20026aa15616767d6faff150346ce0514b01613c4"}
{"timestamp":"2026-04-02T11:17:42.550788782Z","operation":{"add":{"session":"key1","hash":"00000000E2821976","layer":"segment"}},"payload":"6:00000000E2821976","checksum":"77d65f96164c062d03412d2d6eb79da5109b4bd9dfff024356ee8042a89e5e81"}
{"timestamp":"2026-04-02T11:17:42.550870464Z","operation":{"add":{"session":"key2","hash":"00000000F1D2EA82","layer":"segment"}},"payload":"6:00000000F1D2EA82","checksum":"f41f35f1f154c02bf4377f4212fa0b01468cc6b610a56291c6520f15f81cf004"}
{"timestamp":"2026-04-02T11:17:50.345741010Z","operation":{"add":{"session":"key1","hash":"00000000E2821976","layer":"segment"}},"payload":"6:00000000E2821976","checksum":"95b52b40c6bcced7542722ad7d96368d5f789c6fa79d47b34e47b11f6563356d"}
{"timestamp":"2026-04-02T11:17:50.345787998Z","operation":{"add":{"session":"key2","hash":"00000000F1D2EA82","layer":"segment"}},"payload":"6:00000000F1D2EA82","checksum":"c356b5425b799dda60335a31222547cfc3a2492e3d950659539d70e7b627e151"}
{"timestamp":"2026-04-02T11:53:27.004751248Z","operation":{"add":{"session":"key1","hash":"00000000E2821976","layer":"segment"}},"payload":"6:00000000E2821976","checksum":"3378053c6cb7830944259f0411db64af480faf73e9cb16325ad5e915da84116c"}
{"timestamp":"2026-04-02T11:53:27.004868597Z","operation":{"add":{"session":"key2","hash":"00000000F1D2EA82","layer":"segment"}},"payload":"6:00000000F1D2EA82","checksum":"1ec6ac793ff6e01aba903d22a2a9b21f2ab55538de8e21abcacdd543e6c2347e"}
{"timestamp":"2026-04-02T12:07:51.640181983Z","operation":{"add":{"session":"key1","hash":"00000000E2821976","layer":"segment"}},"payload":"6:00000000E2821976","checksum":"f900bd5000d10043ac32c52208f06b08facd68598ff449f15c27c24fcf23257a"}
{"timestamp":"2026-04-02T12:07:51.640208853Z","operation":{"add":{"session":"key2","hash":"00000000F1D2EA82","layer":"segment"}},"payload":"6:00000000F1D2EA82","checksum":"da84043923c8e8995d39fa55cfe25fe47aabd72e172df4e45de2f9c562983afe"}
{"timestamp":"2026-04-02T12:24:27.107994605Z","operation":{"add":{"session":"key1","hash":"00000000E2821976","layer":"segment"}},"payload":"6:00000000E2821976","checksum":"95fda251d0b9094177532c1c487872669c9ad4ff8dc2371139008c19e367f240"}
{"timestamp":"2026-04-02T12:24:27.108036724Z","operation":{"add":{"session":"key2","hash":"00000000F1D2EA82","layer":"segment"}},"payload":"6:00000000F1D2EA82","checksum":"8f157dc1de184c9879ea2a8a95215078e88758862635cee918d0f57b3fb6756d"}
{"timestamp":"2026-04-02T12:45:42.797156483Z","operation":{"add":{"session":"key1","hash":"00000000E2821976","layer":"segment"}},"payload":"6:00000000E2821976","checksum":"e6b6c252638a98d5e578042bfa9b943b5d7b6957b97fe325614d24662d0c819a"}
{"timestamp":"2026-04-02T12:45:42.797247673Z","operation":{"add":{"session":"key2","hash":"00000000F1D2EA82","layer":"segment"}},"payload":"6:00000000F1D2EA82","checksum":"a1bcbec1b40131520bb77c272ecc3a322b7d850f90ef1366842f4e6ca43683ba"}
{"timestamp":"2026-04-02T12:47:46.256042655Z","operation":{"add":{"session":"key1","hash":"00000000E2821976","layer":"segment"}},"payload":"6:00000000E2821976","checksum":"32b8a9dce7e80a1b00291f669968a38c7b8c0c92f94fb1ccc6827255279af48b"}
{"timestamp":"2026-04-02T12:47:46.256099441Z","operation":{"add":{"session":"key2","hash":"00000000F1D2EA82","layer":"segment"}},"payload":"6:00000000F1D2EA82","checksum":"2576001a7f797cfbc573e976bb3f59a837ae44759e2ecd210dfcd002343fdc02"}
{"timestamp":"2026-04-02T12:50:56.935513737Z","operation":{"add":{"session":"key1","hash":"00000000E2821976","layer":"segment"}},"payload":"6:00000000E2821976","checksum":"5b31d62520370def334f441fb5786b9a684e55b9ab8eb2952f022007adefcbe9"}
{"timestamp":"2026-04-02T12:50:56.935605759Z","operation":{"add":{"session":"key2","hash":"00000000F1D2EA82","layer":"segment"}},"payload":"6:00000000F1D2EA82","checksum":"d581dd27b018821209c5d2782e634665400823f656c5a015144eeb342ecf1b36"}
{"timestamp":"2026-04-02T12:54:15.362868548Z","operation":{"add":{"session":"key1","hash":"00000000E2821976","layer":"segment"}},"payload":"6:00000000E2821976","checksum":"b7022c7a0c988a569c94ae7f22ffb0c5784a5848c6100bf6faa0347a3db88511"}
{"timestamp":"2026-04-02T12:54:15.363020562Z","operation":{"add":{"session":"key2","hash":"00000000F1D2EA82","layer":"segment"}},"payload":"6:00000000F1D2EA82","checksum":"81925b623fe40dfd35a58e3a54425423a3e8c4f613c4ffb3a32352d450f272bc"}
{"timestamp":"2026-04-02T12:55:47.922771243Z","operation":{"add":{"session":"key1","hash":"00000000E2821976","layer":"segment"}},"payload":"6:00000000E2821976","checksum":"87387ac0f7bf33ebf2af2e0ef5154ea811026a8f7d8c9a04fad0d11829abb638"}
{"timestamp":"2026-04-02T12:55:47.922828921Z","operation":{"add":{"session":"key2","hash":"00000000F1D2EA82","layer":"segment"}},"payload":"6:00000000F1D2EA82","checksum":"24f51662df4358fad8f67ea9a845ee975feec826ef1455b446650b8cc00498c6"}
{"timestamp":"2026-04-02T12:57:50.856839627Z","operation":{"add":{"session":"key1","hash":"00000000E2821976","layer":"segment"}},"payload":"6:00000000E2821976","checksum":"d7c8ae3fa4dc39d781f900b50e0f7341a796930ba0432d0c48c12685df3677b0"}
{"timestamp":"2026-04-02T12:57:50.856931057Z","operation":{"add":{"session":"key2","hash":"00000000F1D2EA82","layer":"segment"}},"payload":"6:00000000F1D2EA82","checksum":"491645925deb1bdef2f0e6633e4cd27bfb842735cdb98f881cb2ab7ebc35f8a0"}
{"timestamp":"2026-04-02T12:59:38.389057072Z","operation":{"add":{"session":"key1","hash":"00000000E2821976","layer":"segment"}},"payload":"6:00000000E2821976","checksum":"18ef47cb06fa906e258a7150d49cb6aec51337343a1443d4ecb26ff23bda0a87"}
{"timestamp":"2026-04-02T12:59:38.389179130Z","operation":{"add":{"session":"key2","hash":"00000000F1D2EA82","layer":"segment"}},"payload":"6:00000000F1D2EA82","checksum":"5b3fde64ac1449ef7867f8171cafd18ad3226f62a6b882e7de1f4f33cbd4b46f"}
{"timestamp":"2026-04-02T13:03:59.251176355Z","operation":{"add":{"session":"key1","hash":"00000000E2821976","layer":"segment"}},"payload":"6:00000000E2821976","checksum":"bafbb23c2b17f87427d421f28bef64495515a41edbe7728ac7c07fec6af88500"}
{"timestamp":"2026-04-02T13:03:59.251337777Z","operation":{"add":{"session":"key2","hash":"00000000F1D2EA82","layer":"segment"}},"payload":"6:00000000F1D2EA82","checksum":"fdd739602bb4bd42ad440d5073d42fc7884d263b9aa1d8e2e56c0125504081cb"}
{"timestamp":"2026-04-02T13:05:39.255679203Z","operation":{"add":{"session":"key1","hash":"00000000E2821976","layer":"segment"}},"payload":"6:00000000E2821976","checksum":"e631d60cb43177a98a5a51a4df0e0b28b9303f8fc8cd242313360fb961760248"}
{"timestamp":"2026-04-02T13:05:39.255739105Z","operation":{"add":{"session":"key2","hash":"00000000F1D2EA82","layer":"segment"}},"payload":"6:00000000F1D2EA82","checksum":"68e7c5d0cec9d8d35993fc92d10dbd12855d4a4754be000560604f7153fab5e0"}
{"timestamp":"2026-04-02T13:07:44.105364860Z","operation":{"add":{"session":"key1","hash":"00000000E2821976","layer":"segment"}},"payload":"6:00000000E2821976","checksum":"d197c5f48c8f9ac48930bb1a3207349e0283878e438f146890bc5658ae548407"}
{"timestamp":"2026-04-02T13:07:44.105550056Z","operation":{"add":{"session":"key2","hash":"00000000F1D2EA82","layer":"segment"}},"payload":"6:00000000F1D2EA82","checksum":"177626af693bf0e5708f59eb1882b7535296824c087b0dcbab9bda621ef0ad77"}
{"timestamp":"2026-04-02T13:10:33.199717678Z","operation":{"add":{"session":"key1","hash":"00000000E2821976","layer":"segment"}},"payload":"6:00000000E2821976","checksum":"4acd4bd5415236c033946306bb82abf8dde6dc73297f4630baddf6d41aee5e66"}
{"timestamp":"2026-04-02T13:10:33.199777530Z","operation":{"add":{"session":"key2","hash":"00000000F1D2EA82","layer":"segment"}},"payload":"6:00000000F1D2EA82","checksum":"cb5119ddbc1430391a6ca3dc25182fdd6786f1f3c0f5080e59fdd17023e86f5e"}
{"timestamp":"2026-04-02T13:17:26.933250508Z","operation":{"add":{"session":"key1","hash":"00000000E2821976","layer":"segment"}},"payload":"6:00000000E2821976","checksum":"fe1818b33c0db3944a084e0275410b39c6620ddf7262c6d6ec105253f6984a85"}
{"timestamp":"2026-04-02T13:17:26.933329385Z","operation":{"add":{"session":"key2","hash":"00000000F1D2EA82","layer":"segment"}},"payload":"6:00000000F1D2EA82","checksum":"ee39ce82613e86400249b754cbc817ec8328315daa3040c1f6b37f0548243991"}
{"timestamp":"2026-04-02T13:20:34.212319586Z","operation":{"add":{"session":"key1","hash":"00000000E2821976","layer":"segment"}},"payload":"6:00000000E2821976","checksum":"a47351307934c8a77400af69b817b75a881c6188ce3511c8b47b1156c72cd992"}
{"timestamp":"2026-04-02T13:20:34.212444579Z","operation":{"add":{"session":"key2","hash":"00000000F1D2EA82","layer":"segment"}},"payload":"6:00000000F1D2EA82","checksum":"7fba2fa85a8152fd0fb8185ce15f75c79a7ffe9300ab806295e6a0db9ec3be22"}
{"timestamp":"2026-04-02T13:20:39.344155043Z","operation":{"add":{"session":"key1","hash":"00000000E2821976","layer":"segment"}},"payload":"6:00000000E2821976","checksum":"a2fd44cddd8fdfe8b873a956245d4a94f8bbc853c13963912a12494636a7e227"}
{"timestamp":"2026-04-02T13:20:39.344214304Z","operation":{"add":{"session":"key2","hash":"00000000F1D2EA82","layer":"segment"}},"payload":"6:00000000F1D2EA82","checksum":"c0583cbc71f6e8d532b82c0f4d55c033c269577e1d66d352aab4cdbff041f8cd"}
{"timestamp":"2026-04-02T13:50:44.443016347Z","operation":{"add":{"session":"key1","hash":"00000000E2821976","layer":"segment"}},"payload":"6:00000000E2821976","checksum":"f8097ffd9695cf36c3822bd53e5641174f1b03aed7680394b890df8ac1380d20"}
{"timestamp":"2026-04-02T13:50:44.443070979Z","operation":{"add":{"session":"key2","hash":"00000000F1D2EA82","layer":"segment"}},"payload":"6:00000000F1D2EA82","checksum":"cac17dd3213114e4e5bd8ecd1ffc6f92c36d291e9de09facd46ff6978cc3f85c"}
{"timestamp":"2026-04-02T14:09:18.405174149Z","operation":{"add":{"session":"key1","hash":"00000000E2821976","layer":"segment"}},"payload":"6:00000000E2821976","checksum":"8dc2d0713deb47588d164dbad6ee38c0cbdde0e7d8b2537fc466ccfb7916a8c9"}
{"timestamp":"2026-04-02T14:09:18.405234272Z","operation":{"add":{"session":"key2","hash":"00000000F1D2EA82","layer":"segment"}},"payload":"6:00000000F1D2EA82","checksum":"2a385108ccd4728ecc8cac62f1e7242972522940407dc54d158dc265b965441a"}
{"timestamp":"2026-04-02T14:11:25.466483531Z","operation":{"add":{"session":"key1","hash":"00000000E2821976","layer":"segment"}},"payload":"6:00000000E2821976","checksum":"0a048ee63c1a95bd0d72be0e47ffd77267c7e06addcba62d0084be8970d890dd"}
{"timestamp":"2026-04-02T14:11:25.466582666Z","operation":{"add":{"session":"key2","hash":"00000000F1D2EA82","layer":"segment"}},"payload":"6:00000000F1D2EA82","checksum":"f28917e5e3140a4bc71d52d368574cb39d321dfc6b4d424928b53867a128b8fa"}
{"timestamp":"2026-04-02T14:25:18.827902585Z","operation":{"add":{"session":"key1","hash":"00000000E2821976","layer":"segment"}},"payload":"6:00000000E2821976","checksum":"4a4bb06f823a91fa73d5c36642f8fafdc90161abfa2e517c8eba356eee76c8ae"}
{"timestamp":"2026-04-02T14:25:18.828041174Z","operation":{"add":{"session":"key2","hash":"00000000F1D2EA82","layer":"segment"}},"payload":"6:00000000F1D2EA82","checksum":"54d47826579669c28de65ddb14e7225f04873d844c681f51955807afa397b289"}
{"timestamp":"2026-04-02T14:28:47.925777496Z","operation":{"add":{"session":"key1","hash":"00000000E2821976","layer":"segment"}},"payload":"6:00000000E2821976","checksum":"7ae40a4cdba5eb3f06c7c8ba5d9b2513edae5ec2583122cc6527cec99bd9dc98"}
{"timestamp":"2026-04-02T14:28:47.925833992Z","operation":{"add":{"session":"key2","hash":"00000000F1D2EA82","layer":"segment"}},"payload":"6:00000000F1D2EA82","checksum":"3f0392b2ec2d9fefdd3211a84670b4ed431938ea4ce2438c582d60a9e6fad4ea"}
{"timestamp":"2026-04-02T14:31:50.710077871Z","operation":{"add":{"session":"key1","hash":"00000000E2821976","layer":"segment"}},"payload":"6:00000000E2821976","checksum":"61b964eb8c3b2bdc52bdc7442e0f03b0b498e850292d3629f741e2bf72a1c582"}
{"timestamp":"2026-04-02T14:31:50.710179932Z","operation":{"add":{"session":"key2","hash":"00000000F1D2EA82","layer":"segment"}},"payload":"6:00000000F1D2EA82","checksum":"db02fd1350164f2cbc67fe3654f0d776e24d72065d625072444777b690c63faf"}
{"timestamp":"2026-04-02T14:39:06.854588189Z","operation":{"add":{"session":"key1","hash":"00000000E2821976","layer":"segment"}},"payload":"6:00000000E2821976:dmFsdWUx","checksum":"e58bbcdde1e06c9e39a1c894cb6dd68bd4c1d1719e065195997fe2b9e3169b68"}
{"timestamp":"2026-04-02T14:39:06.854643493Z","operation":{"add":{"session":"key2","hash":"00000000F1D2EA82","layer":"segment"}},"payload":"6:00000000F1D2EA82:dmFsdWUy","checksum":"12ea81283285ec7df348750b096839a72b7ad9b03f154e1c8531385f2444f329"}
{"timestamp":"2026-04-02T14:44:16.764748927Z","operation":{"add":{"session":"key1","hash":"00000000E2821976","layer":"segment"}},"payload":"6:00000000E2821976:dmFsdWUx","checksum":"6d5cde388e721c4d6f7d6d4f0205a3804359d1c5b03afc0249818a5a592262d8"}
{"timestamp":"2026-04-02T14:44:16.764825600Z","operation":{"add":{"session":"key2","hash":"00000000F1D2EA82","layer":"segment"}},"payload":"6:00000000F1D2EA82:dmFsdWUy","checksum":"7ebe3f5eaf5d97024d599e90a3e4c869059e225bb846cda4ea33a2184637242c"}
{"timestamp":"2026-04-02T14:48:44.395873544Z","operation":{"add":{"session":"key1","hash":"00000000E2821976","layer":"segment"}},"payload":"6:00000000E2821976:dmFsdWUx","checksum":"c7e28a092a807d761fbc8dc4c13d1485f544db638e0b868a87e15e0876abd2dd"}
{"timestamp":"2026-04-02T14:48:44.395941701Z","operation":{"add":{"session":"key2","hash":"00000000F1D2EA82","layer":"segment"}},"payload":"6:00000000F1D2EA82:dmFsdWUy","checksum":"93dec0d7299d5223fd2cbf3ba0bc162f006bc12ccc0155de55a847e3151be313"}
{"timestamp":"2026-04-02T14:54:37.199175096Z","operation":{"add":{"session":"key1","hash":"00000000E2821976","layer":"segment"}},"payload":"6:00000000E2821976:dmFsdWUx","checksum":"744752391543d7b2755c0f664085e1538b371e52673601e83ad0a8b935e0b1d8"}
{"timestamp":"2026-04-02T14:54:37.199234358Z","operation":{"add":{"session":"key2","hash":"00000000F1D2EA82","layer":"segment"}},"payload":"6:00000000F1D2EA82:dmFsdWUy","checksum":"807343478796c048462ab3ef920820a6cb9acee371365bc3fbd305bcd8a3e4af"}
{"timestamp":"2026-04-02T15:19:53.693600155Z","operation":{"add":{"session":"key1","hash":"00000000E2821976","layer":"segment"}},"payload":"6:00000000E2821976:dmFsdWUx","checksum":"6986977ea8945e1a7bc0c61936cdcf941efb6541485473c04c7750c8f50afe47"}
{"timestamp":"2026-04-02T15:19:53.693661440Z","operation":{"add":{"session":"key2","hash":"00000000F1D2EA82","layer":"segment"}},"payload":"6:00000000F1D2EA82:dmFsdWUy","checksum":"c2cf97636908bbbacab70dabcaadf3686fd6e5a52732718a3f8ab96968f0bdca"}
{"timestamp":"2026-04-02T15:22:04.679564417Z","operation":{"add":{"session":"key1","hash":"00000000E2821976","layer":"segment"}},"payload":"6:00000000E2821976:dmFsdWUx","checksum":"443633f5cdf2e44f62c78bce1a01960136bc6ecbc05ac6e47f467f0994bd8306"}
{"timestamp":"2026-04-02T15:22:04.679643004Z","operation":{"add":{"session":"key2","hash":"00000000F1D2EA82","layer":"segment"}},"payload":"6:00000000F1D2EA82:dmFsdWUy","checksum":"6ef117108fe7a5c9e8bb0d0dc431fd962673582357c4b4993de9ab2809de4d35"}
{"timestamp":"2026-04-02T15:25:08.495188779Z","operation":{"add":{"session":"key1","hash":"00000000E2821976","layer":"segment"}},"payload":"6:00000000E2821976:dmFsdWUx","checksum":"10e14fbf17767dad2bdd0642b60c0d0372278ca5eb4097acb28243a17b990948"}
{"timestamp":"2026-04-02T15:25:08.495248851Z","operation":{"add":{"session":"key2","hash":"00000000F1D2EA82","layer":"segment"}},"payload":"6:00000000F1D2EA82:dmFsdWUy","checksum":"5ca93e6e1ac971d568c71500e20b3f0a2f401444221925bc1b77ae6758f6e09a"}
{"timestamp":"2026-04-02T15:30:56.153184520Z","operation":{"add":{"session":"key1","hash":"00000000E2821976","layer":"segment"}},"payload":"6:00000000E2821976:dmFsdWUx","checksum":"522f82bd1a907c3e7b96a43ae9f8c7b1e13b1232f9aa72159fc2f757861b1f14"}
{"timestamp":"2026-04-02T15:30:56.153241797Z","operation":{"add":{"session":"key2","hash":"00000000F1D2EA82","layer":"segment"}},"payload":"6:00000000F1D2EA82:dmFsdWUy","checksum":"774e1f6ad77942997d0186cdb63338b454286732390ee04c34b9b0fbc92cbd13"}
{"timestamp":"2026-04-02T15:37:29.930709375Z","operation":{"add":{"session":"key1","hash":"00000000E2821976","layer":"segment"}},"payload":"6:00000000E2821976:dmFsdWUx","checksum":"00e3ea449a7cb197fee2a5ac81baffb55cac40c9b03b9f93cafaae7cd1bda8a1"}
{"timestamp":"2026-04-02T15:37:29.930880424Z","operation":{"add":{"session":"key2","hash":"00000000F1D2EA82","layer":"segment"}},"payload":"6:00000000F1D2EA82:dmFsdWUy","checksum":"9be4415f1cd4e215a2d3d462b509c47c74755578e0d397fb8a9718e74b7d0833"}
{"timestamp":"2026-04-02T15:37:32.888839865Z","operation":{"add":{"session":"key1","hash":"00000000E2821976","layer":"segment"}},"payload":"6:00000000E2821976:dmFsdWUx","checksum":"e655c09c0764dc8795327facfb227e043a1780728167457772c88b4d27cbd86c"}
{"timestamp":"2026-04-02T15:37:32.888891231Z","operation":{"add":{"session":"key2","hash":"00000000F1D2EA82","layer":"segment"}},"payload":"6:00000000F1D2EA82:dmFsdWUy","checksum":"522528cacd6988fcfc2dc052d4c89ed0b5c04b4d8cb097bc815bb07c01e00bf8"}
{"timestamp":"2026-04-02T15:42:27.743959335Z","operation":{"add":{"session":"key1","hash":"00000000E2821976","layer":"segment"}},"payload":"6:00000000E2821976:dmFsdWUx","checksum":"6370e4ad0586ea74bd1366487b4f3afc2c1e9cd63fdeefb92fbbc9e3f5113f0d"}
{"timestamp":"2026-04-02T15:42:27.744110798Z","operation":{"add":{"session":"key2","hash":"00000000F1D2EA82","layer":"segment"}},"payload":"6:00000000F1D2EA82:dmFsdWUy","checksum":"7e196f3604fffc6f538fb067ddc551e3850e22a6cee4bb351038b5f62ad25056"}
{"timestamp":"2026-04-02T15:47:11.242080161Z","operation":{"add":{"session":"key1","hash":"00000000E2821976","layer":"segment"}},"payload":"6:00000000E2821976:dmFsdWUx","checksum":"aaebe5b21a6515c90c9d7bda3d9e2613f8c62e453196d74805dec6ac908b9874"}
{"timestamp":"2026-04-02T15:47:11.242160651Z","operation":{"add":{"session":"key2","hash":"00000000F1D2EA82","layer":"segment"}},"payload":"6:00000000F1D2EA82:dmFsdWUy","checksum":"bf4a8af4fe5279f163d6706da8041b571a7ceed72f4f653b8080558dd4ac7024"}
{"timestamp":"2026-04-02T15:48:03.148348885Z","operation":{"add":{"session":"key1","hash":"00000000E2821976","layer":"segment"}},"payload":"6:00000000E2821976:dmFsdWUx","checksum":"2fac4cfe68061c6ef22ba06e45602f86374e21ea3b6ba9d35255ef537a178418"}
{"timestamp":"2026-04-02T15:48:03.148415139Z","operation":{"add":{"session":"key2","hash":"00000000F1D2EA82","layer":"segment"}},"payload":"6:00000000F1D2EA82:dmFsdWUy","checksum":"7732645adf3a837d898b51d85fc54d6b3717ae5e56e1fc5a7d54215b418819ce"}
{"timestamp":"2026-04-02T15:50:09.033038786Z","operation":{"add":{"session":"key1","hash":"00000000E2821976","layer":"segment"}},"payload":"6:00000000E2821976:dmFsdWUx","checksum":"3f2946a01a27d4624da75357143e1e88c134d26ab0d3b40fc449295b1441d92b"}
{"timestamp":"2026-04-02T15:50:09.033117443Z","operation":{"add":{"session":"key2","hash":"00000000F1D2EA82","layer":"segment"}},"payload":"6:00000000F1D2EA82:dmFsdWUy","checksum":"159392ffe672655b9e9b853d23871fd36f7a04375b60b84d5d95a4cb539a3181"}
{"timestamp":"2026-04-02T15:56:45.510571612Z","operation":{"add":{"session":"key1","hash":"00000000E2821976","layer":"segment"}},"payload":"6:00000000E2821976:dmFsdWUx","checksum":"9aae559bd159f1c22558347062a94c63c1b41f32ccac27010076e32529885ce5"}
{"timestamp":"2026-04-02T15:56:45.510659516Z","operation":{"add":{"session":"key2","hash":"00000000F1D2EA82","layer":"segment"}},"payload":"6:00000000F1D2EA82:dmFsdWUy","checksum":"a4f28f0963785cef0828cd5e9ff47f466b460b03491ea804a781221b83fe96da"}
{"timestamp":"2026-04-02T16:08:42.141538176Z","operation":{"add":{"session":"key1","hash":"00000000E2821976","layer":"segment"}},"payload":"6:00000000E2821976:dmFsdWUx","checksum":"fae6f9e8ff3927cb850518b6f1cf990d2781e1925aa8462b7e28b46dabf8bd67"}
{"timestamp":"2026-04-02T16:08:42.141617444Z","operation":{"add":{"session":"key2","hash":"00000000F1D2EA82","layer":"segment"}},"payload":"6:00000000F1D2EA82:dmFsdWUy","checksum":"115f1c98058e811a14e462a8cce12ee365bb9ff2bf192300fd5921100cb38938"}
{"timestamp":"2026-04-02T16:18:57.006376998Z","operation":{"add":{"session":"key1","hash":"00000000E2821976","layer":"segment"}},"payload":"6:00000000E2821976:dmFsdWUx","checksum":"48ea9e8d3f6018ea265b16dc0075dad1cf03301874cc53bf48f86f69ecaecd3e"}
{"timestamp":"2026-04-02T16:18:57.006443432Z","operation":{"add":{"session":"key2","hash":"00000000F1D2EA82","layer":"segment"}},"payload":"6:00000000F1D2EA82:dmFsdWUy","checksum":"f0fe5de1226858d44c8222d8c7185bed16ea6e5989981d713b9174c5538bb4a5"}
{"timestamp":"2026-04-02T16:28:52.723850899Z","operation":{"add":{"session":"key1","hash":"00000000E2821976","layer":"segment"}},"payload":"6:00000000E2821976:dmFsdWUx","checksum":"0abcad1553c0c5738830c3724e377d137327fa5d3cf4e49ecee122e5f60b7fdb"}
{"timestamp":"2026-04-02T16:28:52.723961496Z","operation":{"add":{"session":"key2","hash":"00000000F1D2EA82","layer":"segment"}},"payload":"6:00000000F1D2EA82:dmFsdWUy","checksum":"60960e78339ed315331c16ac9f84d0016ec0af9f71dff87604dcb43e4be04f48"}
{"timestamp":"2026-04-02T16:56:35.623051192Z","operation":{"add":{"session":"key1","hash":"00000000E2821976","layer":"segment"}},"payload":"6:00000000E2821976:dmFsdWUx","checksum":"fb7f4bfcabb820b85ba143dec2ba29186aa5be9407b79058a040ba21352b1c5b"}
{"timestamp":"2026-04-02T16:56:35.623109Z","operation":{"add":{"session":"key2","hash":"00000000F1D2EA82","layer":"segment"}},"payload":"6:00000000F1D2EA82:dmFsdWUy","checksum":"8807e14e8ff54b5fca7d9274293cbaff4184be68bade67f8b298017abf3c736e"}
{"timestamp":"2026-04-02T16:59:03.441793099Z","operation":{"add":{"session":"key1","hash":"00000000E2821976","layer":"segment"}},"payload":"6:00000000E2821976:dmFsdWUx","checksum":"fd15bc2fecf6f365b28f0b823378044f98aaa61942c2d276dbbbc140f08d09aa"}
{"timestamp":"2026-04-02T16:59:03.441942217Z","operation":{"add":{"session":"key2","hash":"00000000F1D2EA82","layer":"segment"}},"payload":"6:00000000F1D2EA82:dmFsdWUy","checksum":"88988b636307478d2e058206439ef25da00096d2c30afbe94299dfc419ca5ab1"}
{"timestamp":"2026-04-02T23:48:23.228378360Z","operation":{"add":{"session":"key1","hash":"00000000E2821976","layer":"segment"}},"payload":"6:00000000E2821976:dmFsdWUx","checksum":"13ce074eb160c84aab2068db3fb98fa3878d67fc650c97d07fd2664505f4cdeb"}
{"timestamp":"2026-04-02T23:48:23.228437470Z","operation":{"add":{"session":"key2","hash":"00000000F1D2EA82","layer":"segment"}},"payload":"6:00000000F1D2EA82:dmFsdWUy","checksum":"48cbdd6d64a4d4ca47ade0df8b77bc98cee0cbb496128ded22f9f0b7811be8b2"}
{"timestamp":"2026-04-02T23:50:56.407598975Z","operation":{"add":{"session":"key1","hash":"00000000E2821976","layer":"segment"}},"payload":"6:00000000E2821976:dmFsdWUx","checksum":"f255e34095bda8f1194838bca237691f5d9ee033e36540da52ee04ee12530e9a"}
{"timestamp":"2026-04-02T23:50:56.407653637Z","operation":{"add":{"session":"key2","hash":"00000000F1D2EA82","layer":"segment"}},"payload":"6:00000000F1D2EA82:dmFsdWUy","checksum":"eb25e8be7ed4d6522e9d6d5ca0b767bc133de40078afe984b49fa99ba9945e4b"}
{"timestamp":"2026-04-03T04:04:52.073275256Z","operation":{"add":{"session":"key1","hash":"00000000E2821976","layer":"segment"}},"payload":"6:00000000E2821976:dmFsdWUx","checksum":"58af87b5cb62ec13709e78f02394a2f35be977e6d481c503e4caf00b1d344e54"}
{"timestamp":"2026-04-03T04:04:52.073372237Z","operation":{"add":{"session":"key2","hash":"00000000F1D2EA82","layer":"segment"}},"payload":"6:00000000F1D2EA82:dmFsdWUy","checksum":"0dc1594b6222c3eca31750b9be56843cd3a3ebffeac1708d3bf322e83920dd4f"}
{"timestamp":"2026-04-03T04:07:36.632412338Z","operation":{"add":{"session":"key1","hash":"00000000E2821976","layer":"segment"}},"payload":"6:00000000E2821976:dmFsdWUx","checksum":"21c36d5b232d7e6138fde2c6851269e88bd930696630ea7272ed343d8cfc7701"}
{"timestamp":"2026-04-03T04:07:36.632477701Z","operation":{"add":{"session":"key2","hash":"00000000F1D2EA82","layer":"segment"}},"payload":"6:00000000F1D2EA82:dmFsdWUy","checksum":"4622201352c0f351654f90c99e60b0bb6be6ed2d514b5b3524a00a3845ece26d"}
{"timestamp":"2026-04-03T04:23:08.094579331Z","operation":{"add":{"session":"key1","hash":"00000000E2821976","layer":"segment"}},"payload":"6:00000000E2821976:dmFsdWUx","checksum":"097fded6c4ac1edbc561f9f212224f5370474110692f8ecb16effb79de70d1ff"}
{"timestamp":"2026-04-03T04:23:08.094641738Z","operation":{"add":{"session":"key2","hash":"00000000F1D2EA82","layer":"segment"}},"payload":"6:00000000F1D2EA82:dmFsdWUy","checksum":"32eb2dec0d42d0a1c1fc93a7f775bce2e0c965648727a411a8b026224864382b"}
{"timestamp":"2026-04-03T08:11:44.086248985Z","operation":{"add":{"session":"key1","hash":"00000000E2821976","layer":"segment"}},"payload":"6:00000000E2821976:dmFsdWUx","checksum":"3851c90f5b2197bcdcaeb6479f9673eceb45a14ef8dcaa55a6c3d210d009a587"}
{"timestamp":"2026-04-03T08:11:44.086312313Z","operation":{"add":{"session":"key2","hash":"00000000F1D2EA82","layer":"segment"}},"payload":"6:00000000F1D2EA82:dmFsdWUy","checksum":"e4dec8fc0a51293496f8fcb7d868efb1e4d92fd070de20861f76f34b123e1f61"}
{"timestamp":"2026-04-03T08:23:43.191202300Z","operation":{"add":{"session":"key1","hash":"00000000E2821976","layer":"segment"}},"payload":"6:00000000E2821976:dmFsdWUx","checksum":"e3262790c2bfd08aaf4abcc370d0336a9a014da496db7e97a892ecc7ca37a6e4"}
{"timestamp":"2026-04-03T08:23:43.191265197Z","operation":{"add":{"session":"key2","hash":"00000000F1D2EA82","layer":"segment"}},"payload":"6:00000000F1D2EA82:dmFsdWUy","checksum":"c57ade716f46815f55048fd6a3d61d456c95479ff989ebbe8e13d58435d1dec8"}
{"timestamp":"2026-04-03T09:37:32.113807349Z","operation":{"add":{"session":"key1","hash":"00000000E2821976","layer":"segment"}},"payload":"6:00000000E2821976:dmFsdWUx","checksum":"3ba83598f69fe7fbb010b368def5f8db6bdb924235d6702956fdf4d1608b9822"}
{"timestamp":"2026-04-03T09:37:32.113855048Z","operation":{"add":{"session":"key2","hash":"00000000F1D2EA82","layer":"segment"}},"payload":"6:00000000F1D2EA82:dmFsdWUy","checksum":"7ad9c382c71a67c09f46f0d2862af1ada2fa1466f753914573bee4c293123d88"}
{"timestamp":"2026-04-03T09:42:06.565408533Z","operation":{"add":{"session":"key1","hash":"00000000E2821976","layer":"segment"}},"payload":"6:00000000E2821976:dmFsdWUx","checksum":"c80e75d6e2101c667cb7d731c563a987a82c36c5e54d8013a6504e5dffc3425c"}
{"timestamp":"2026-04-03T09:42:06.565470198Z","operation":{"add":{"session":"key2","hash":"00000000F1D2EA82","layer":"segment"}},"payload":"6:00000000F1D2EA82:dmFsdWUy","checksum":"5f23904a25dbe8be77350dc85f76d9b4561dd789754e0afd4a36a4f7947226c3"}
{"timestamp":"2026-04-03T09:48:54.936551873Z","operation":{"add":{"session":"key1","hash":"00000000E2821976","layer":"segment"}},"payload":"6:00000000E2821976:dmFsdWUx","checksum":"0671ed1f1ea1cdd5d63a3ef741b805038ca658e31ea8d0fad6d6e50d29d5cff5"}
{"timestamp":"2026-04-03T09:48:54.936663301Z","operation":{"add":{"session":"key2","hash":"00000000F1D2EA82","layer":"segment"}},"payload":"6:00000000F1D2EA82:dmFsdWUy","checksum":"2a68f4516fa29b2ba82debd4f6a90eb2f0e93c787dea53f46746940bd6632757"}
{"timestamp":"2026-04-03T09:52:20.040398540Z","operation":{"add":{"session":"key1","hash":"00000000E2821976","layer":"segment"}},"payload":"6:00000000E2821976:dmFsdWUx","checksum":"1b56dfe28dbf9339bf68e5e6620d9af17967f5d4e39ec87a31b63ce909ac64a4"}
{"timestamp":"2026-04-03T09:52:20.040476576Z","operation":{"add":{"session":"key2","hash":"00000000F1D2EA82","layer":"segment"}},"payload":"6:00000000F1D2EA82:dmFsdWUy","checksum":"dddf1b6c5111cb7e2475dd996760594d93c10301bc2abff4d0ae017469bd2587"}
{"timestamp":"2026-04-03T09:54:14.341478086Z","operation":{"add":{"session":"key1","hash":"00000000E2821976","layer":"segment"}},"payload":"6:00000000E2821976:dmFsdWUx","checksum":"070fdcd57a998a1639bee01e2e26a4cb3a04f51c2216a0e338b7235172616603"}
{"timestamp":"2026-04-03T09:54:14.341537417Z","operation":{"add":{"session":"key2","hash":"00000000F1D2EA82","layer":"segment"}},"payload":"6:00000000F1D2EA82:dmFsdWUy","checksum":"19c792dca5ba1509edf255df6c27eb531c36a5e4633a1488608932ec439aebba"}
{"timestamp":"2026-04-03T09:56:30.574604230Z","operation":{"add":{"session":"key1","hash":"00000000E2821976","layer":"segment"}},"payload":"6:00000000E2821976:dmFsdWUx","checksum":"34543171f3bc33a75826dee12044dc7c7287600078f02dca9c9b052dc193c2c2"}
{"timestamp":"2026-04-03T09:56:30.574788013Z","operation":{"add":{"session":"key2","hash":"00000000F1D2EA82","layer":"segment"}},"payload":"6:00000000F1D2EA82:dmFsdWUy","checksum":"47fc06ffadee13c61aa0f0fe55fb060d9fcb4633ee80234aa8ad414962ed1167"}
{"timestamp":"2026-04-03T10:05:43.339659009Z","operation":{"add":{"session":"key1","hash":"00000000E2821976","layer":"segment"}},"payload":"6:00000000E2821976:dmFsdWUx","checksum":"3662622377328b2716b51770651c0a483c43ff8e6508c5a9473929662abe31e6"}
{"timestamp":"2026-04-03T10:05:43.339717107Z","operation":{"add":{"session":"key2","hash":"00000000F1D2EA82","layer":"segment"}},"payload":"6:00000000F1D2EA82:dmFsdWUy","checksum":"1b256ae9a613e3a4a3340daf9a12d8b3653179368cea1203307a166ce3db3e45"}
{"timestamp":"2026-04-03T10:07:47.729500092Z","operation":{"add":{"session":"key1","hash":"00000000E2821976","layer":"segment"}},"payload":"6:00000000E2821976:dmFsdWUx","checksum":"26b1bcf856f0842c84c36be727e03647c124a24d63e15d353b5b1f992ae08cd8"}
{"timestamp":"2026-04-03T10:07:47.729612422Z","operation":{"add":{"session":"key2","hash":"00000000F1D2EA82","layer":"segment"}},"payload":"6:00000000F1D2EA82:dmFsdWUy","checksum":"ae09d29a277c58fa299e639944cfee7bc4330e14b8c4b154faa2c6bb35980b41"}
{"timestamp":"2026-04-03T10:10:34.517821485Z","operation":{"add":{"session":"key1","hash":"00000000E2821976","layer":"segment"}},"payload":"6:00000000E2821976:dmFsdWUx","checksum":"6bc00f3e58fd753b6357c7b63bf844e4a130ff15980d41ebf6563ae7dbbc6f3d"}
{"timestamp":"2026-04-03T10:10:34.517994518Z","operation":{"add":{"session":"key2","hash":"00000000F1D2EA82","layer":"segment"}},"payload":"6:00000000F1D2EA82:dmFsdWUy","checksum":"20cd18299ff26d14e3e7cd6b567f481cf2c85e57e1351c1845cf5163cb28f774"}
{"timestamp":"2026-04-03T10:12:17.052606959Z","operation":{"add":{"session":"key1","hash":"00000000E2821976","layer":"segment"}},"payload":"6:00000000E2821976:dmFsdWUx","checksum":"213d57d263dd8983d8d54ed7afda48a8a9c4e358a280d5a5328f35d678a73fbc"}
{"timestamp":"2026-04-03T10:12:17.052707707Z","operation":{"add":{"session":"key2","hash":"00000000F1D2EA82","layer":"segment"}},"payload":"6:00000000F1D2EA82:dmFsdWUy","checksum":"d088fa7f0fd60dcdc3e5bc3721c66d72ff123bb609b7126dcbc4bee4b55e3a47"}
{"timestamp":"2026-04-03T10:12:52.722252070Z","operation":{"add":{"session":"key1","hash":"00000000E2821976","layer":"segment"}},"payload":"6:00000000E2821976:dmFsdWUx","checksum":"def0cee28b995a15295e09b7da0e6b0b73d8394d9ac920733d1c5fe41a1fbdcb"}
{"timestamp":"2026-04-03T10:12:52.722346085Z","operation":{"add":{"session":"key2","hash":"00000000F1D2EA82","layer":"segment"}},"payload":"6:00000000F1D2EA82:dmFsdWUy","checksum":"c28851de35a863fbbbb599baeb3bec25e06b02785f10108017c8f8641edd5164"}
{"timestamp":"2026-04-03T10:15:33.026777848Z","operation":{"add":{"session":"key1","hash":"00000000E2821976","layer":"segment"}},"payload":"6:00000000E2821976:dmFsdWUx","checksum":"bd0d160082a4312345bd7127d34c7ea6f584cb5e907b8f2d28f808f803284a56"}
{"timestamp":"2026-04-03T10:15:33.026828022Z","operation":{"add":{"session":"key2","hash":"00000000F1D2EA82","layer":"segment"}},"payload":"6:00000000F1D2EA82:dmFsdWUy","checksum":"7ce1bb2c50b38148df5ca613294613aa1a158f8e78ba7abb0e1ba6ca624ccf7b"}
{"timestamp":"2026-04-03T10:25:10.625489913Z","operation":{"add":{"session":"key1","hash":"00000000E2821976","layer":"segment"}},"payload":"6:00000000E2821976:dmFsdWUx","checksum":"adc23fa82f0aad52bdf4b5a97a8158282d215679be91f4ed4ebac6bc90e40afb"}
{"timestamp":"2026-04-03T10:25:10.625555766Z","operation":{"add":{"session":"key2","hash":"00000000F1D2EA82","layer":"segment"}},"payload":"6:00000000F1D2EA82:dmFsdWUy","checksum":"d51c2d19c9afc79164612a15056de73bde607873886adfad23a22d993605ab53"}
{"timestamp":"2026-04-03T10:30:12.974469734Z","operation":{"add":{"session":"key1","hash":"00000000E2821976","layer":"segment"}},"payload":"6:00000000E2821976:dmFsdWUx","checksum":"c77ee54016b295f06deae5ef6e53020b8f9442ebf7afbdc2182ae7d52171aeba"}
{"timestamp":"2026-04-03T10:30:12.974532331Z","operation":{"add":{"session":"key2","hash":"00000000F1D2EA82","layer":"segment"}},"payload":"6:00000000F1D2EA82:dmFsdWUy","checksum":"961f61f910d59481cfe035663466a797398af50518e35625b514c8da9d54bb7a"}
{"timestamp":"2026-04-03T10:33:07.128453285Z","operation":{"add":{"session":"key1","hash":"00000000E2821976","layer":"segment"}},"payload":"6:00000000E2821976:dmFsdWUx","checksum":"d973daf2752a0b9ff3e8f17c619ad15503516e9b2255b72b9b90724054f4764a"}
{"timestamp":"2026-04-03T10:33:07.128516503Z","operation":{"add":{"session":"key2","hash":"00000000F1D2EA82","layer":"segment"}},"payload":"6:00000000F1D2EA82:dmFsdWUy","checksum":"76dd49c2d64accd3d051491dec6f412347b857ab5ab472d53a45d50ceacbcde8"}
{"timestamp":"2026-04-03T10:37:25.534876697Z","operation":{"add":{"session":"key1","hash":"00000000E2821976","layer":"segment"}},"payload":"6:00000000E2821976:dmFsdWUx","checksum":"9bbc7b3b9fa2b1879fc05e454659ce903d21932eab7234f76e7326fa150f3b42"}
{"timestamp":"2026-04-03T10:37:25.534941137Z","operation":{"add":{"session":"key2","hash":"00000000F1D2EA82","layer":"segment"}},"payload":"6:00000000F1D2EA82:dmFsdWUy","checksum":"95dbb1776c3d8aef07e08826a0313a801def9271148a097c50bacb1952bb4dff"}
{"timestamp":"2026-04-03T10:55:45.997814254Z","operation":{"add":{"session":"key1","hash":"00000000E2821976","layer":"segment"}},"payload":"6:00000000E2821976:dmFsdWUx","checksum":"88e6ea1ef6bf1563d5c697b604dd8585228cf567b140d58ac62f4360f04a71ca"}
{"timestamp":"2026-04-03T10:55:45.997894534Z","operation":{"add":{"session":"key2","hash":"00000000F1D2EA82","layer":"segment"}},"payload":"6:00000000F1D2EA82:dmFsdWUy","checksum":"0e3b02ccfd2dd89a473781016aba8574ecc94fd074c2c2fe44f250fadd1f53ce"}
{"timestamp":"2026-04-03T11:12:49.214827844Z","operation":{"add":{"session":"key1","hash":"3F6A75243DC708D7","layer":"segment"}},"payload":"6:3F6A75243DC708D7:dmFsdWUx","checksum":"043d40db7c93e3eb5bbfe000726d45f854800354fd2c616b4220b979f2dc909b"}
{"timestamp":"2026-04-03T11:12:49.214884650Z","operation":{"add":{"session":"key2","hash":"ED7F79475334B6DA","layer":"segment"}},"payload":"6:ED7F79475334B6DA:dmFsdWUy","checksum":"3d54c4b43cc416461550f61e8cfa706996b2d765f5d7e088ebb39a8de38ef817"}
{"timestamp":"2026-04-03T11:23:45.352887510Z","operation":{"add":{"session":"key1","hash":"3F6A75243DC708D7","layer":"segment"}},"payload":"6:3F6A75243DC708D7:dmFsdWUx","checksum":"c3737824ab9498a17ce4093852e47230c55165225d0c14ee0bb5d3a5e9b07480"}
{"timestamp":"2026-04-03T11:23:45.352946500Z","operation":{"add":{"session":"key2","hash":"ED7F79475334B6DA","layer":"segment"}},"payload":"6:ED7F79475334B6DA:dmFsdWUy","checksum":"1ac8cb70af3b91a304e2b2628b152b35d1f3b22013cc3eec6ce1d3ccfe322908"}
{"timestamp":"2026-04-03T11:31:54.987870217Z","operation":{"add":{"session":"key1","hash":"3F6A75243DC708D7","layer":"segment"}},"payload":"6:3F6A75243DC708D7:dmFsdWUx","checksum":"519febf77966d253324eed72d45bf5ebdccd0fec33c23221df6b70c13db2096a"}
{"timestamp":"2026-04-03T11:31:54.987935929Z","operation":{"add":{"session":"key2","hash":"ED7F79475334B6DA","layer":"segment"}},"payload":"6:ED7F79475334B6DA:dmFsdWUy","checksum":"42ded28678e8bb71bc8f289b4706cd766d6a2e4dc22fbcc9f2d51562b8175a09"}
{"timestamp":"2026-04-03T11:34:00.133263784Z","operation":{"add":{"session":"key1","hash":"3F6A75243DC708D7","layer":"segment"}},"payload":"6:3F6A75243DC708D7:dmFsdWUx","checksum":"ba117aff70064f98ca88c28127b7324cea54bbfd4224db18ee257a160dde9215"}
{"timestamp":"2026-04-03T11:34:00.133374271Z","operation":{"add":{"session":"key2","hash":"ED7F79475334B6DA","layer":"segment"}},"payload":"6:ED7F79475334B6DA:dmFsdWUy","checksum":"30a9ee80d6e5ce37f18f63d4f3f02f7b981809af46c88ae84c374171e90eb58b"}
{"timestamp":"2026-04-03T11:41:50.143622375Z","operation":{"add":{"session":"key1","hash":"3F6A75243DC708D7","layer":"segment"}},"payload":"6:3F6A75243DC708D7:dmFsdWUx","checksum":"7b02d11f8c5d5a35623cbf1bbf93add76198bd8459056d50d59322a96ce4cd49"}
{"timestamp":"2026-04-03T11:41:50.143684481Z","operation":{"add":{"session":"key2","hash":"ED7F79475334B6DA","layer":"segment"}},"payload":"6:ED7F79475334B6DA:dmFsdWUy","checksum":"45e4fffac32c18957c7170b286989dae630564cea77f689f4fafa29700f79b27"}
{"timestamp":"2026-04-03T11:43:54.297285637Z","operation":{"add":{"session":"key1","hash":"3F6A75243DC708D7","layer":"segment"}},"payload":"6:3F6A75243DC708D7:dmFsdWUx","checksum":"6cb5b3d9f08182f241938b724c7863e55f285420418b203552f5232a0aebe540"}
{"timestamp":"2026-04-03T11:43:54.297350468Z","operation":{"add":{"session":"key2","hash":"ED7F79475334B6DA","layer":"segment"}},"payload":"6:ED7F79475334B6DA:dmFsdWUy","checksum":"f2db674fb3284bf7bc37e684ceb86abe82f5f517e552ab42518015300c7c5e32"}
{"timestamp":"2026-04-03T11:44:58.327899808Z","operation":{"add":{"session":"key1","hash":"3F6A75243DC708D7","layer":"segment"}},"payload":"6:3F6A75243DC708D7:dmFsdWUx","checksum":"ace5d924eeaa147ff4040c134dc02fcf5c6198ddedc624b4ccdfb434e68fe4c7"}
{"timestamp":"2026-04-03T11:44:58.327962906Z","operation":{"add":{"session":"key2","hash":"ED7F79475334B6DA","layer":"segment"}},"payload":"6:ED7F79475334B6DA:dmFsdWUy","checksum":"45e9adffec105d956647f32c56e3c42280b492e7115d57bc5e9f9117236e2db4"}
{"timestamp":"2026-04-03T11:47:02.986624536Z","operation":{"add":{"session":"key1","hash":"3F6A75243DC708D7","layer":"segment"}},"payload":"6:3F6A75243DC708D7:dmFsdWUx","checksum":"64b459b1cd49cc15c4a318ea6cdc51bf8c0714d0cd27e5cbfa3af8540b75844c"}
{"timestamp":"2026-04-03T11:47:02.986688566Z","operation":{"add":{"session":"key2","hash":"ED7F79475334B6DA","layer":"segment"}},"payload":"6:ED7F79475334B6DA:dmFsdWUy","checksum":"4015b605aca6ba163f7190a0836fa7c9ce4ca461785993e757dbae121588f3ae"}
{"timestamp":"2026-04-03T11:52:17.105874556Z","operation":{"add":{"session":"key1","hash":"3F6A75243DC708D7","layer":"segment"}},"payload":"6:3F6A75243DC708D7:dmFsdWUx","checksum":"248ed42e36dd35b5a0010add490b506f42f5545885e6b35658c0ad8e9c4f128c"}
{"timestamp":"2026-04-03T11:52:17.105937694Z","operation":{"add":{"session":"key2","hash":"ED7F79475334B6DA","layer":"segment"}},"payload":"6:ED7F79475334B6DA:dmFsdWUy","checksum":"fdd6f531ad4aea265cf026e6ea2a536b6446c9151b9bb2f2c2856b356657f38e"}
{"timestamp":"2026-04-03T12:14:15.337850786Z","operation":{"add":{"session":"key1","hash":"3F6A75243DC708D7","layer":"segment"}},"payload":"6:3F6A75243DC708D7:dmFsdWUx","checksum":"1b6ab4f4a228ae6955138d8eeeec6e2faa9e1ccfa68962f24b80369f0527c8a3"}
{"timestamp":"2026-04-03T12:14:15.337926969Z","operation":{"add":{"session":"key2","hash":"ED7F79475334B6DA","layer":"segment"}},"payload":"6:ED7F79475334B6DA:dmFsdWUy","checksum":"21db17a80bb712a5e881f23939a68386ad77260534d46f8bc39fc8bec30bf11a"}
{"timestamp":"2026-04-03T12:25:42.841373783Z","operation":{"add":{"session":"key1","hash":"3F6A75243DC708D7","layer":"segment"}},"payload":"6:3F6A75243DC708D7:dmFsdWUx","checksum":"0229e257fad72826a37330fe89aaedd71fe9acd1afcb238073daa526b5336fef"}
{"timestamp":"2026-04-03T12:25:42.841450737Z","operation":{"add":{"session":"key2","hash":"ED7F79475334B6DA","layer":"segment"}},"payload":"6:ED7F79475334B6DA:dmFsdWUy","checksum":"cc73a6822bace254c17fff0aed158894459a06f0d8f6d8ec39458764faa9cb22"}
{"timestamp":"2026-04-03T12:25:50.297872793Z","operation":{"add":{"session":"key1","hash":"3F6A75243DC708D7","layer":"segment"}},"payload":"6:3F6A75243DC708D7:dmFsdWUx","checksum":"8c7e35d34917fdd1cb6a9c9a5c4401967b077dd7290dab39378103068cd38e99"}
{"timestamp":"2026-04-03T12:25:50.297946691Z","operation":{"add":{"session":"key2","hash":"ED7F79475334B6DA","layer":"segment"}},"payload":"6:ED7F79475334B6DA:dmFsdWUy","checksum":"4c9ea5021107319c934719636ea5bd624033afc20e9ac14906708d65c227b6eb"}
{"timestamp":"2026-04-03T12:30:16.287170108Z","operation":{"add":{"session":"key1","hash":"3F6A75243DC708D7","layer":"segment"}},"payload":"6:3F6A75243DC708D7:dmFsdWUx","checksum":"212cc9dd37de5e600e52d4dc3ce70d036b0f8937031e59eb35d1406c2135953c"}
{"timestamp":"2026-04-03T12:30:16.287289410Z","operation":{"add":{"session":"key2","hash":"ED7F79475334B6DA","layer":"segment"}},"payload":"6:ED7F79475334B6DA:dmFsdWUy","checksum":"1a18cab668d03e8629966bb852fe31dda9b77e6339774b883323431051dc6f81"}
{"timestamp":"2026-04-03T12:36:43.355749146Z","operation":{"add":{"session":"key1","hash":"3F6A75243DC708D7","layer":"segment"}},"payload":"6:3F6A75243DC708D7:dmFsdWUx","checksum":"dd02b15c8c931bb61b0a6a15f1ccce5bd686e44383f9a262defcd9c44162ebc2"}
{"timestamp":"2026-04-03T12:36:43.355811462Z","operation":{"add":{"session":"key2","hash":"ED7F79475334B6DA","layer":"segment"}},"payload":"6:ED7F79475334B6DA:dmFsdWUy","checksum":"f531af5c2fab13399ac1a1e1fecac60cd2caf057a074f3abe03d8395ca5dd85d"}
{"timestamp":"2026-04-03T12:40:05.166142017Z","operation":{"add":{"session":"key1","hash":"3F6A75243DC708D7","layer":"segment"}},"payload":"6:3F6A75243DC708D7:dmFsdWUx","checksum":"d2aea8d2a67819fd8fb44b1c272ebe67338fa681a80c1103011deffa4eb06d77"}
{"timestamp":"2026-04-03T12:40:05.166217838Z","operation":{"add":{"session":"key2","hash":"ED7F79475334B6DA","layer":"segment"}},"payload":"6:ED7F79475334B6DA:dmFsdWUy","checksum":"1880fd1f3439fcd244db9f86af71e66c7d0632857af4d36a23f032fdddda2b45"}
{"timestamp":"2026-04-03T12:46:24.871378641Z","operation":{"add":{"session":"key1","hash":"3F6A75243DC708D7","layer":"segment"}},"payload":"6:3F6A75243DC708D7:dmFsdWUx","checksum":"bcfc04028e789b8aad11541c0306f7e76183bf8573c788096e1d303fa6f87790"}
{"timestamp":"2026-04-03T12:46:24.871569758Z","operation":{"add":{"session":"key2","hash":"ED7F79475334B6DA","layer":"segment"}},"payload":"6:ED7F79475334B6DA:dmFsdWUy","checksum":"b6d7f7da6c9464da24e53cb530a28a93bbe765d90f4fea96ed48e6e48cac7515"}
{"timestamp":"2026-04-03T12:48:13.585122794Z","operation":{"add":{"session":"key1","hash":"3F6A75243DC708D7","layer":"segment"}},"payload":"6:3F6A75243DC708D7:dmFsdWUx","checksum":"3aa19b700a3ad7fab716b407cd464a9250ee81e9671d57c60c9ace39d081afe5"}
{"timestamp":"2026-04-03T12:48:13.585183778Z","operation":{"add":{"session":"key2","hash":"ED7F79475334B6DA","layer":"segment"}},"payload":"6:ED7F79475334B6DA:dmFsdWUy","checksum":"8af8c758b26eac98fffa66d4263a03c82c00e9864ae9a5644d46d7ac9395ddcc"}
{"timestamp":"2026-04-03T12:50:16.860199232Z","operation":{"add":{"session":"key1","hash":"3F6A75243DC708D7","layer":"segment"}},"payload":"6:3F6A75243DC708D7:dmFsdWUx","checksum":"02e6c9850ec7cce8d2370ff04a9ac64ab30151137319faafea139c5599979783"}
{"timestamp":"2026-04-03T12:50:16.860412681Z","operation":{"add":{"session":"key2","hash":"ED7F79475334B6DA","layer":"segment"}},"payload":"6:ED7F79475334B6DA:dmFsdWUy","checksum":"8c4382767af1c3eca79bf92e47a2a21e1afa30c8ddbcc4d7fc1a9bc6e3bc9d83"}
{"timestamp":"2026-04-03T12:56:05.897033855Z","operation":{"add":{"session":"key1","hash":"3F6A75243DC708D7","layer":"segment"}},"payload":"6:3F6A75243DC708D7:dmFsdWUx","checksum":"6b06829bad339eb2f08d73af014539cfc0ee7a5aa8df16f1f31012e830310a5b"}
{"timestamp":"2026-04-03T12:56:05.897115317Z","operation":{"add":{"session":"key2","hash":"ED7F79475334B6DA","layer":"segment"}},"payload":"6:ED7F79475334B6DA:dmFsdWUy","checksum":"8cef4a146a680dc549648c4a14e28dcd81e6f75526abb49035583d22e1d2616d"}
{"timestamp":"2026-04-03T13:01:02.031792809Z","operation":{"add":{"session":"key1","hash":"3F6A75243DC708D7","layer":"segment"}},"payload":"6:3F6A75243DC708D7:dmFsdWUx","checksum":"9c7a19c0ed132b32bf5e9b9618789073acb3c476fe17ac6e91f249d4ae6660ce"}
{"timestamp":"2026-04-03T13:01:02.031866586Z","operation":{"add":{"session":"key2","hash":"ED7F79475334B6DA","layer":"segment"}},"payload":"6:ED7F79475334B6DA:dmFsdWUy","checksum":"6c05e1b926e9b6a0dc144d99766e2d721c67633182f995e7498d8de0e163a8a7"}
{"timestamp":"2026-04-03T13:07:15.573946396Z","operation":{"add":{"session":"key1","hash":"3F6A75243DC708D7","layer":"segment"}},"payload":"6:3F6A75243DC708D7:dmFsdWUx","checksum":"dbf34013f4af90b55ffefbd07709bd9a816c52888c1ab5cedb8509d0ae2d7828"}
{"timestamp":"2026-04-03T13:07:15.574024963Z","operation":{"add":{"session":"key2","hash":"ED7F79475334B6DA","layer":"segment"}},"payload":"6:ED7F79475334B6DA:dmFsdWUy","checksum":"1eea28eb3ebfb8b180bc79084dbe599a53fbd1178a1590c211cf64418ff9bdf7"}
{"timestamp":"2026-04-03T13:12:12.530522438Z","operation":{"add":{"session":"key1","hash":"3F6A75243DC708D7","layer":"segment"}},"payload":"6:3F6A75243DC708D7:dmFsdWUx","checksum":"eb4d73e7f884a4b78e3ecc7bd5e20f382f690472bc48a9d6b182cbb183624f54"}
{"timestamp":"2026-04-03T13:12:12.530616543Z","operation":{"add":{"session":"key2","hash":"ED7F79475334B6DA","layer":"segment"}},"payload":"6:ED7F79475334B6DA:dmFsdWUy","checksum":"30351385436fce35b67fa44489b14990fdabe7308fa6d24c59b9fd3a59a3616a"}
{"timestamp":"2026-04-03T13:17:32.007137268Z","operation":{"add":{"session":"key1","hash":"3F6A75243DC708D7","layer":"segment"}},"payload":"6:3F6A75243DC708D7:dmFsdWUx","checksum":"96e59e4c05fb0c0fa7c24dfd765736b27f2fca62cb062807ba94d09ddef7e95e"}
{"timestamp":"2026-04-03T13:17:32.007212158Z","operation":{"add":{"session":"key2","hash":"ED7F79475334B6DA","layer":"segment"}},"payload":"6:ED7F79475334B6DA:dmFsdWUy","checksum":"955f331ce362f4ed5d17def12ef3eb89e732bd8eb8be7ebdb86e9c0e9433ad04"}
{"timestamp":"2026-04-03T13:19:37.441999383Z","operation":{"add":{"session":"key1","hash":"3F6A75243DC708D7","layer":"segment"}},"payload":"6:3F6A75243DC708D7:dmFsdWUx","checksum":"0c016c6c2dd583e78789d205435e4de64b5fe7b48e1710d2289ea79689b6a2b6"}
{"timestamp":"2026-04-03T13:19:37.442081887Z","operation":{"add":{"session":"key2","hash":"ED7F79475334B6DA","layer":"segment"}},"payload":"6:ED7F79475334B6DA:dmFsdWUy","checksum":"00abb0d536e4fcfa1f4710357a8e787acbf3af658c87b05a6799c3c7ddb97329"}
{"timestamp":"2026-04-03T13:25:06.315263308Z","operation":{"add":{"session":"key1","hash":"3F6A75243DC708D7","layer":"segment"}},"payload":"6:3F6A75243DC708D7:dmFsdWUx","checksum":"3882660a79e4531c37b07608cb90de3ad4b7d8b67012db755684aa2c5d72c860"}
{"timestamp":"2026-04-03T13:25:06.315325183Z","operation":{"add":{"session":"key2","hash":"ED7F79475334B6DA","layer":"segment"}},"payload":"6:ED7F79475334B6DA:dmFsdWUy","checksum":"dfc1d5a42c3beb8ceb82d9852248dfe0fde4d87e8f98c9aa43aadeb21535de9c"}
{"timestamp":"2026-04-03T13:27:11.237324712Z","operation":{"add":{"session":"key1","hash":"3F6A75243DC708D7","layer":"segment"}},"payload":"6:3F6A75243DC708D7:dmFsdWUx","checksum":"97f6ab84171581b7e2ef374722eb47013f8b5c255f9ce4dadd28fbef575fa6b8"}
{"timestamp":"2026-04-03T13:27:11.237390505Z","operation":{"add":{"session":"key2","hash":"ED7F79475334B6DA","layer":"segment"}},"payload":"6:ED7F79475334B6DA:dmFsdWUy","checksum":"deb2e7bc5b1888079971cd8818f69296d5ab962e8ff5e2c17b1ef986e526cf40"}
{"timestamp":"2026-04-03T13:29:22.573566246Z","operation":{"add":{"session":"key1","hash":"3F6A75243DC708D7","layer":"segment"}},"payload":"6:3F6A75243DC708D7:dmFsdWUx","checksum":"b043615cedf6027e15bc648ea7fedcd5888532c1f61afb708775f45ce34b45f9"}
{"timestamp":"2026-04-03T13:29:22.573629634Z","operation":{"add":{"session":"key2","hash":"ED7F79475334B6DA","layer":"segment"}},"payload":"6:ED7F79475334B6DA:dmFsdWUy","checksum":"3f1c3a5b0d7733d1c6f0fa3d290992f2b620665ea9bbd410474bcc0c8f1319d4"}
{"timestamp":"2026-04-03T13:30:01.510069855Z","operation":{"add":{"session":"key1","hash":"3F6A75243DC708D7","layer":"segment"}},"payload":"6:3F6A75243DC708D7:dmFsdWUx","checksum":"bbbfafd1959db27478226009b97f4adcedfedbc880ee74140cc917542f1e738f"}
{"timestamp":"2026-04-03T13:30:01.510128625Z","operation":{"add":{"session":"key2","hash":"ED7F79475334B6DA","layer":"segment"}},"payload":"6:ED7F79475334B6DA:dmFsdWUy","checksum":"b7158144e68a0888aeea9cc4e5d3a0226150756db6e243ec7e638e2e2a5b1b92"}
{"timestamp":"2026-04-03T13:47:43.599958559Z","operation":{"add":{"session":"key1","hash":"3F6A75243DC708D7","layer":"segment"}},"payload":"6:3F6A75243DC708D7:dmFsdWUx","checksum":"8c8e6c9a1e694e4cd428b4868f788648179601d05e28f2c66e09af22b22877ce"}
{"timestamp":"2026-04-03T13:47:43.600016818Z","operation":{"add":{"session":"key2","hash":"ED7F79475334B6DA","layer":"segment"}},"payload":"6:ED7F79475334B6DA:dmFsdWUy","checksum":"ccb561799d1037033102e4577b99176c4ec27f212b8d8e2a90185d94a26e3519"}
{"timestamp":"2026-04-03T13:51:39.982586197Z","operation":{"add":{"session":"key1","hash":"3F6A75243DC708D7","layer":"segment"}},"payload":"6:3F6A75243DC708D7:dmFsdWUx","checksum":"10e6ec208a2591e5170a980b05363da2269692530636855bc5800bff6c1103f1"}
{"timestamp":"2026-04-03T13:51:39.982599723Z","operation":{"add":{"session":"key2","hash":"ED7F79475334B6DA","layer":"segment"}},"payload":"6:ED7F79475334B6DA:dmFsdWUy","checksum":"5ca53fad9ab453a8644ccb7ca9645138f1085e075c235f63cd2c8a735ed48970"}
{"timestamp":"2026-04-03T13:54:54.388580323Z","operation":{"add":{"session":"key1","hash":"3F6A75243DC708D7","layer":"segment"}},"payload":"6:3F6A75243DC708D7:dmFsdWUx","checksum":"e8ba99bd82363efb902ff74b87d4e8b42dac2f7abee15f9cbb01dea785261b40"}
{"timestamp":"2026-04-03T13:54:54.388595471Z","operation":{"add":{"session":"key2","hash":"ED7F79475334B6DA","layer":"segment"}},"payload":"6:ED7F79475334B6DA:dmFsdWUy","checksum":"07e9ff4f350f31cc33dfb00c546b2230c52d3379221c054d644feaa8c1cc2900"}
{"timestamp":"2026-04-03T14:03:07.760944039Z","operation":{"add":{"session":"key1","hash":"3F6A75243DC708D7","layer":"segment"}},"payload":"6:3F6A75243DC708D7:dmFsdWUx","checksum":"112ff68b2c5782e8986927e0a7498386a5b8ad8c366326bcb595714b7bb9fd91"}
{"timestamp":"2026-04-03T14:03:07.760956192Z","operation":{"add":{"session":"key2","hash":"ED7F79475334B6DA","layer":"segment"}},"payload":"6:ED7F79475334B6DA:dmFsdWUy","checksum":"8afe8ec0464c9c097e00179e7b00bb21f5ddafc767c66a29036e6f0be7a65a7b"}
{"timestamp":"2026-04-03T14:05:00.467702430Z","operation":{"add":{"session":"key1","hash":"3F6A75243DC708D7","layer":"segment"}},"payload":"6:3F6A75243DC708D7:dmFsdWUx","checksum":"313505fb4e41578eab1340220231e76d7d5b707e96f782ae7fa42a274cbd88d3"}
{"timestamp":"2026-04-03T14:05:00.467734460Z","operation":{"add":{"session":"key2","hash":"ED7F79475334B6DA","layer":"segment"}},"payload":"6:ED7F79475334B6DA:dmFsdWUy","checksum":"0986c48b2275807940c0a9cd845e391edc69bfbf0329516ad16b03d2e30e6040"}
{"timestamp":"2026-04-03T14:21:31.105953128Z","operation":{"add":{"session":"key1","hash":"3F6A75243DC708D7","layer":"segment"}},"payload":"6:3F6A75243DC708D7:dmFsdWUx","checksum":"ca095e5e852065789f11baea579afbb8017d5b59ef6bbd29e585137c8e339a2b"}
{"timestamp":"2026-04-03T14:21:31.105972904Z","operation":{"add":{"session":"key2","hash":"ED7F79475334B6DA","layer":"segment"}},"payload":"6:ED7F79475334B6DA:dmFsdWUy","checksum":"a89dfeee4bda5629db853daa293dd4a261ff40130b68979452a3996ecb3a5840"}
